<?xml version="1.0" encoding="UTF-8"?>
<!-- Generated by org.testng.reporters.JUnitReportReporter -->
<testsuite skipped="0" hostname="LAPTOP-716KI44S" name="com.class02.PriorityExample" tests="2" failures="0" timestamp="30 May 2019 23:30:18 GMT" time="1.318" errors="0">
  <testcase name="login" time="1.278" classname="com.class02.PriorityExample"/>
  <testcase name="mainPage" time="0.040" classname="com.class02.PriorityExample"/>
</testsuite> <!-- com.class02.PriorityExample -->
