<?xml version="1.0" encoding="UTF-8"?>
<!-- Generated by org.testng.reporters.JUnitReportReporter -->
<testsuite skipped="0" hostname="LAPTOP-716KI44S" name="com.class05.demoTest" tests="2" failures="0" timestamp="12 Jun 2019 01:43:27 GMT" time="18.762" errors="0">
  <testcase name="testCrossBrowser" time="7.151" classname="com.class05.demoTest"/>
  <testcase name="testCrossBrowser" time="11.611" classname="com.class05.demoTest"/>
</testsuite> <!-- com.class05.demoTest -->
