<?xml version="1.0" encoding="UTF-8"?>
<!-- Generated by org.testng.reporters.JUnitReportReporter -->
<testsuite skipped="0" hostname="LAPTOP-716KI44S" name="com.class02.priority" tests="4" failures="0" timestamp="30 May 2019 23:04:53 GMT" time="0.012" errors="0">
  <testcase name="first" time="0.008" classname="com.class02.priority"/>
  <testcase name="second" time="0.000" classname="com.class02.priority"/>
  <testcase name="third" time="0.000" classname="com.class02.priority"/>
  <testcase name="fourth" time="0.004" classname="com.class02.priority"/>
</testsuite> <!-- com.class02.priority -->
