<?xml version="1.0" encoding="UTF-8"?>
<!-- Generated by org.testng.reporters.JUnitReportReporter -->
<testsuite skipped="0" hostname="LAPTOP-716KI44S" name="com.class02.TestExample" tests="3" failures="0" timestamp="31 May 2019 01:04:43 GMT" time="0.601" errors="0">
  <testcase name="loginScreenTitle" time="0.013" classname="com.class02.TestExample"/>
  <testcase name="login" time="0.550" classname="com.class02.TestExample"/>
  <testcase name="webOrders" time="0.038" classname="com.class02.TestExample"/>
</testsuite> <!-- com.class02.TestExample -->
