<?xml version="1.0" encoding="UTF-8"?>
<!-- Generated by org.testng.reporters.JUnitReportReporter -->
<testsuite skipped="0" hostname="LAPTOP-716KI44S" name="com.class04.TC2" tests="2" failures="0" timestamp="07 Jun 2019 01:43:08 GMT" time="11.971" errors="0">
  <testcase name="logIn1" time="6.350" classname="com.class04.TC2"/>
  <testcase name="logIn2" time="5.621" classname="com.class04.TC2"/>
</testsuite> <!-- com.class04.TC2 -->
