<?xml version="1.0" encoding="UTF-8"?>
<!-- Generated by org.testng.reporters.JUnitReportReporter -->
<testsuite skipped="0" hostname="LAPTOP-716KI44S" name="com.class04.DataProviderTest" tests="3" failures="0" timestamp="11 Jun 2019 21:19:40 GMT" time="0.000" errors="0">
  <testcase name="getData" time="0.000" classname="com.class04.DataProviderTest"/>
  <testcase name="getData" time="0.000" classname="com.class04.DataProviderTest"/>
  <testcase name="getData" time="0.000" classname="com.class04.DataProviderTest"/>
</testsuite> <!-- com.class04.DataProviderTest -->
