<?xml version="1.0" encoding="UTF-8"?>
<!-- Generated by org.testng.reporters.JUnitReportReporter -->
<testsuite skipped="2" hostname="LAPTOP-716KI44S" name="com.class02.EnableAndDisable" tests="4" failures="0" timestamp="30 May 2019 23:55:07 GMT" time="0.008" errors="0">
  <testcase name="second" time="0.008" classname="com.class02.EnableAndDisable"/>
  <testcase name="fourth" time="0.000" classname="com.class02.EnableAndDisable"/>
  <testcase name="third" classname="com.class02.EnableAndDisable">
    <skipped/>
  </testcase> <!-- third -->
  <testcase name="first" classname="com.class02.EnableAndDisable">
    <skipped/>
  </testcase> <!-- first -->
</testsuite> <!-- com.class02.EnableAndDisable -->
