<?xml version="1.0" encoding="UTF-8"?>
<!-- Generated by org.testng.reporters.JUnitReportReporter -->
<testsuite skipped="0" hostname="LAPTOP-716KI44S" name="com.class02.Task" tests="1" failures="0" timestamp="31 May 2019 00:02:57 GMT" time="9.526" errors="0">
  <testcase name="login" time="9.526" classname="com.class02.Task"/>
</testsuite> <!-- com.class02.Task -->
