<?xml version="1.0" encoding="UTF-8"?>
<!-- Generated by org.testng.reporters.JUnitReportReporter -->
<testsuite skipped="0" hostname="LAPTOP-716KI44S" name="com.class04.TC1" tests="2" failures="0" timestamp="07 Jun 2019 00:17:29 GMT" time="12.502" errors="0">
  <testcase name="logIn2" time="5.378" classname="com.class04.TC1"/>
  <testcase name="logIn1" time="7.124" classname="com.class04.TC1"/>
</testsuite> <!-- com.class04.TC1 -->
