<?xml version="1.0" encoding="UTF-8"?>
<!-- Generated by org.testng.reporters.JUnitReportReporter -->
<testsuite skipped="0" hostname="LAPTOP-716KI44S" name="com.class01.test" tests="1" failures="0" timestamp="30 May 2019 16:09:32 GMT" time="0.008" errors="0">
  <testcase name="TestDemo" time="0.008" classname="com.class01.test"/>
</testsuite> <!-- com.class01.test -->
