<?xml version="1.0" encoding="UTF-8"?>
<!-- Generated by org.testng.reporters.JUnitReportReporter -->
<testsuite skipped="0" hostname="LAPTOP-716KI44S" name="com.class04.HomeWork" tests="3" failures="0" timestamp="11 Jun 2019 21:12:49 GMT" time="5.831" errors="0">
  <testcase name="login" time="1.374" classname="com.class04.HomeWork"/>
  <testcase name="createOrder" time="4.102" classname="com.class04.HomeWork"/>
  <testcase name="verifyingUser" time="0.355" classname="com.class04.HomeWork"/>
</testsuite> <!-- com.class04.HomeWork -->
