<?xml version="1.0" encoding="UTF-8"?>
<!-- Generated by org.testng.reporters.JUnitReportReporter -->
<testsuite skipped="0" hostname="LAPTOP-716KI44S" name="com.class04.ToolsQAExample" tests="4" failures="0" timestamp="11 Jun 2019 21:20:37 GMT" time="42.004" errors="0">
  <testcase name="getData" time="13.424" classname="com.class04.ToolsQAExample"/>
  <testcase name="getData" time="8.370" classname="com.class04.ToolsQAExample"/>
  <testcase name="getData" time="11.054" classname="com.class04.ToolsQAExample"/>
  <testcase name="getData" time="9.156" classname="com.class04.ToolsQAExample"/>
</testsuite> <!-- com.class04.ToolsQAExample -->
